<?xml version="1.0" encoding="UTF-8"?>
<!-- Generated by org.testng.reporters.JUnitReportReporter -->
<testsuite skipped="0" name="com.supplierinvoice.supplierinvoice_create" tests="1" failures="0" timestamp="08 Nov 2019 23:47:13 GMT" time="51.523" errors="0">
  <testcase name="supplierinvoice_create" time="51.523" classname="com.supplierinvoice.supplierinvoice_create"/>
</testsuite> <!-- com.supplierinvoice.supplierinvoice_create -->
